c:\users\marius\git\wincap\sys\x64\debug\vc140.pdb
c:\users\marius\git\wincap\sys\x64\debug\utils.nativecodeanalysis.xml
c:\users\marius\git\wincap\sys\x64\debug\tl_drv.nativecodeanalysis.xml
c:\users\marius\git\wincap\sys\x64\debug\share.nativecodeanalysis.xml
c:\users\marius\git\wincap\sys\x64\debug\inspect.nativecodeanalysis.xml
c:\users\marius\git\wincap\sys\x64\debug\inspect.obj
c:\users\marius\git\wincap\sys\x64\debug\share.obj
c:\users\marius\git\wincap\sys\x64\debug\tl_drv.obj
c:\users\marius\git\wincap\sys\x64\debug\utils.obj
c:\users\marius\git\wincap\sys\x64\debug\inspect\inspect.cat
c:\users\marius\git\wincap\sys\x64\debug\inspect.sys
c:\users\marius\git\wincap\sys\x64\debug\inspect.pdb
c:\users\marius\git\wincap\sys\x64\debug\inspect.inf
c:\users\marius\git\wincap\sys\x64\debug\nativecodeanalysis.read.1.tlog
c:\users\marius\git\wincap\sys\x64\debug\vc.nativecodeanalysis.all.xml
c:\users\marius\git\wincap\sys\x64\debug\inspect.tlog\cl.command.1.tlog
c:\users\marius\git\wincap\sys\x64\debug\inspect.tlog\cl.read.1.tlog
c:\users\marius\git\wincap\sys\x64\debug\inspect.tlog\cl.write.1.tlog
c:\users\marius\git\wincap\sys\x64\debug\inspect.tlog\inf2cat-expand.4480.read.1.tlog
c:\users\marius\git\wincap\sys\x64\debug\inspect.tlog\inf2cat-expand.4480.write.1.tlog
c:\users\marius\git\wincap\sys\x64\debug\inspect.tlog\inf2cat-expand.read.1.tlog
c:\users\marius\git\wincap\sys\x64\debug\inspect.tlog\inf2cat-expand.write.1.tlog
c:\users\marius\git\wincap\sys\x64\debug\inspect.tlog\inf2cat.command.1.tlog
c:\users\marius\git\wincap\sys\x64\debug\inspect.tlog\inf2cat.read.1.tlog
c:\users\marius\git\wincap\sys\x64\debug\inspect.tlog\inf2cat.write.1.tlog
c:\users\marius\git\wincap\sys\x64\debug\inspect.tlog\link.command.1.tlog
c:\users\marius\git\wincap\sys\x64\debug\inspect.tlog\link.read.1.tlog
c:\users\marius\git\wincap\sys\x64\debug\inspect.tlog\link.write.1.tlog
c:\users\marius\git\wincap\sys\x64\debug\inspect.tlog\signtool.command.1.tlog
c:\users\marius\git\wincap\sys\x64\debug\inspect.tlog\signtool.read.1.tlog
c:\users\marius\git\wincap\sys\x64\debug\inspect.tlog\signtool.timestamp.1.tlog
c:\users\marius\git\wincap\sys\x64\debug\inspect.tlog\signtool.write.1.tlog
c:\users\marius\git\wincap\sys\x64\debug\inspect.tlog\stampinf.command.1.tlog
c:\users\marius\git\wincap\sys\x64\debug\inspect.tlog\stampinf.read.1.tlog
c:\users\marius\git\wincap\sys\x64\debug\inspect.tlog\stampinf.write.1.tlog
