c:\users\marius\git\wincap\sys\debug\vc140.pdb
c:\users\marius\git\wincap\sys\debug\utils.obj
c:\users\marius\git\wincap\sys\debug\tl_drv.obj
c:\users\marius\git\wincap\sys\debug\share.obj
c:\users\marius\git\wincap\sys\debug\inspect.obj
c:\users\marius\git\wincap\sys\debug\inspect\inspect.cat
c:\users\marius\git\wincap\sys\debug\inspect.sys
c:\users\marius\git\wincap\sys\debug\inspect.pdb
c:\users\marius\git\wincap\sys\debug\inspect.inf
c:\users\marius\git\wincap\sys\debug\inspect.tlog\cl.command.1.tlog
c:\users\marius\git\wincap\sys\debug\inspect.tlog\cl.read.1.tlog
c:\users\marius\git\wincap\sys\debug\inspect.tlog\cl.write.1.tlog
c:\users\marius\git\wincap\sys\debug\inspect.tlog\inf2cat-expand.10804.read.1.tlog
c:\users\marius\git\wincap\sys\debug\inspect.tlog\inf2cat-expand.10804.write.1.tlog
c:\users\marius\git\wincap\sys\debug\inspect.tlog\inf2cat-expand.read.1.tlog
c:\users\marius\git\wincap\sys\debug\inspect.tlog\inf2cat-expand.write.1.tlog
c:\users\marius\git\wincap\sys\debug\inspect.tlog\inf2cat.command.1.tlog
c:\users\marius\git\wincap\sys\debug\inspect.tlog\inf2cat.read.1.tlog
c:\users\marius\git\wincap\sys\debug\inspect.tlog\inf2cat.write.1.tlog
c:\users\marius\git\wincap\sys\debug\inspect.tlog\link.command.1.tlog
c:\users\marius\git\wincap\sys\debug\inspect.tlog\link.read.1.tlog
c:\users\marius\git\wincap\sys\debug\inspect.tlog\link.write.1.tlog
c:\users\marius\git\wincap\sys\debug\inspect.tlog\signtool.command.1.tlog
c:\users\marius\git\wincap\sys\debug\inspect.tlog\signtool.read.1.tlog
c:\users\marius\git\wincap\sys\debug\inspect.tlog\signtool.timestamp.1.tlog
c:\users\marius\git\wincap\sys\debug\inspect.tlog\signtool.write.1.tlog
c:\users\marius\git\wincap\sys\debug\inspect.tlog\stampinf.command.1.tlog
c:\users\marius\git\wincap\sys\debug\inspect.tlog\stampinf.read.1.tlog
c:\users\marius\git\wincap\sys\debug\inspect.tlog\stampinf.write.1.tlog
