c:\users\marius\git\wincap\sys\x64\debug\inspect\inspect.cat
c:\users\marius\git\wincap\sys\x64\debug\inspect.sys
c:\users\marius\git\wincap\sys\x64\debug\inspect.pdb
c:\users\marius\git\wincap\sys\x64\debug\inspect.inf
c:\users\marius\git\wincap\sys\x64\debug\nativecodeanalysis.read.1.tlog
c:\users\marius\git\wincap\sys\x64\debug\vc140.pdb
c:\users\marius\git\wincap\sys\x64\debug\inspect.nativecodeanalysis.xml
c:\users\marius\git\wincap\sys\x64\debug\vc.nativecodeanalysis.all.xml
c:\users\marius\git\wincap\sys\x64\debug\inspect.tlog\cl.command.1.tlog
c:\users\marius\git\wincap\sys\x64\debug\inspect.tlog\inf2cat-expand.1096.read.1.tlog
c:\users\marius\git\wincap\sys\x64\debug\inspect.tlog\inf2cat-expand.1096.write.1.tlog
c:\users\marius\git\wincap\sys\x64\debug\inspect.tlog\inf2cat-expand.12876.read.1.tlog
c:\users\marius\git\wincap\sys\x64\debug\inspect.tlog\inf2cat-expand.12876.write.1.tlog
c:\users\marius\git\wincap\sys\x64\debug\inspect.tlog\inf2cat-expand.13188.read.1.tlog
c:\users\marius\git\wincap\sys\x64\debug\inspect.tlog\inf2cat-expand.13188.write.1.tlog
c:\users\marius\git\wincap\sys\x64\debug\inspect.tlog\inf2cat-expand.3052.read.1.tlog
c:\users\marius\git\wincap\sys\x64\debug\inspect.tlog\inf2cat-expand.3052.write.1.tlog
c:\users\marius\git\wincap\sys\x64\debug\inspect.tlog\inf2cat-expand.316.read.1.tlog
c:\users\marius\git\wincap\sys\x64\debug\inspect.tlog\inf2cat-expand.316.write.1.tlog
c:\users\marius\git\wincap\sys\x64\debug\inspect.tlog\inf2cat-expand.3656.read.1.tlog
c:\users\marius\git\wincap\sys\x64\debug\inspect.tlog\inf2cat-expand.3656.write.1.tlog
c:\users\marius\git\wincap\sys\x64\debug\inspect.tlog\inf2cat-expand.4472.read.1.tlog
c:\users\marius\git\wincap\sys\x64\debug\inspect.tlog\inf2cat-expand.4472.write.1.tlog
c:\users\marius\git\wincap\sys\x64\debug\inspect.tlog\inf2cat-expand.5468.read.1.tlog
c:\users\marius\git\wincap\sys\x64\debug\inspect.tlog\inf2cat-expand.5468.write.1.tlog
c:\users\marius\git\wincap\sys\x64\debug\inspect.tlog\inf2cat-expand.7396.read.1.tlog
c:\users\marius\git\wincap\sys\x64\debug\inspect.tlog\inf2cat-expand.7396.write.1.tlog
c:\users\marius\git\wincap\sys\x64\debug\inspect.tlog\inf2cat-expand.784.read.1.tlog
c:\users\marius\git\wincap\sys\x64\debug\inspect.tlog\inf2cat-expand.784.write.1.tlog
c:\users\marius\git\wincap\sys\x64\debug\inspect.tlog\inf2cat-expand.8552.read.1.tlog
c:\users\marius\git\wincap\sys\x64\debug\inspect.tlog\inf2cat-expand.8552.write.1.tlog
c:\users\marius\git\wincap\sys\x64\debug\inspect.tlog\inf2cat-expand.8712.read.1.tlog
c:\users\marius\git\wincap\sys\x64\debug\inspect.tlog\inf2cat-expand.8712.write.1.tlog
c:\users\marius\git\wincap\sys\x64\debug\inspect.tlog\inf2cat-expand.9324.read.1.tlog
c:\users\marius\git\wincap\sys\x64\debug\inspect.tlog\inf2cat-expand.9324.write.1.tlog
c:\users\marius\git\wincap\sys\x64\debug\inspect.tlog\inf2cat-expand.read.1.tlog
c:\users\marius\git\wincap\sys\x64\debug\inspect.tlog\inf2cat-expand.write.1.tlog
c:\users\marius\git\wincap\sys\x64\debug\inspect.tlog\inf2cat.command.1.tlog
c:\users\marius\git\wincap\sys\x64\debug\inspect.tlog\inf2cat.read.1.tlog
c:\users\marius\git\wincap\sys\x64\debug\inspect.tlog\inf2cat.write.1.tlog
c:\users\marius\git\wincap\sys\x64\debug\inspect.tlog\link.command.1.tlog
c:\users\marius\git\wincap\sys\x64\debug\inspect.tlog\link.read.1.tlog
c:\users\marius\git\wincap\sys\x64\debug\inspect.tlog\link.write.1.tlog
c:\users\marius\git\wincap\sys\x64\debug\inspect.tlog\signtool.command.1.tlog
c:\users\marius\git\wincap\sys\x64\debug\inspect.tlog\signtool.read.1.tlog
c:\users\marius\git\wincap\sys\x64\debug\inspect.tlog\signtool.timestamp.1.tlog
c:\users\marius\git\wincap\sys\x64\debug\inspect.tlog\signtool.write.1.tlog
c:\users\marius\git\wincap\sys\x64\debug\inspect.tlog\stampinf.command.1.tlog
c:\users\marius\git\wincap\sys\x64\debug\inspect.tlog\stampinf.read.1.tlog
c:\users\marius\git\wincap\sys\x64\debug\inspect.tlog\stampinf.write.1.tlog
